Determining if the pthread_create exist failed with the following output:
Change Dir: /home/nnadozie/git/arq-teleop-robot/catkin_wsu/build/ur_positioner/CMakeFiles/CMakeTmp

Run Build Command:/usr/bin/make "cmTryCompileExec1940271163/fast"
/usr/bin/make -f CMakeFiles/cmTryCompileExec1940271163.dir/build.make CMakeFiles/cmTryCompileExec1940271163.dir/build
make[1]: Entering directory `/home/nnadozie/git/arq-teleop-robot/catkin_wsu/build/ur_positioner/CMakeFiles/CMakeTmp'
/usr/bin/cmake -E cmake_progress_report /home/nnadozie/git/arq-teleop-robot/catkin_wsu/build/ur_positioner/CMakeFiles/CMakeTmp/CMakeFiles 1
Building C object CMakeFiles/cmTryCompileExec1940271163.dir/CheckSymbolExists.c.o
/usr/bin/cc    -o CMakeFiles/cmTryCompileExec1940271163.dir/CheckSymbolExists.c.o   -c /home/nnadozie/git/arq-teleop-robot/catkin_wsu/build/ur_positioner/CMakeFiles/CMakeTmp/CheckSymbolExists.c
Linking C executable cmTryCompileExec1940271163
/usr/bin/cmake -E cmake_link_script CMakeFiles/cmTryCompileExec1940271163.dir/link.txt --verbose=1
/usr/bin/cc       CMakeFiles/cmTryCompileExec1940271163.dir/CheckSymbolExists.c.o  -o cmTryCompileExec1940271163 -rdynamic 
CMakeFiles/cmTryCompileExec1940271163.dir/CheckSymbolExists.c.o: In function `main':
CheckSymbolExists.c:(.text+0x16): undefined reference to `pthread_create'
collect2: error: ld returned 1 exit status
make[1]: Leaving directory `/home/nnadozie/git/arq-teleop-robot/catkin_wsu/build/ur_positioner/CMakeFiles/CMakeTmp'
make[1]: *** [cmTryCompileExec1940271163] Error 1
make: *** [cmTryCompileExec1940271163/fast] Error 2

File /home/nnadozie/git/arq-teleop-robot/catkin_wsu/build/ur_positioner/CMakeFiles/CMakeTmp/CheckSymbolExists.c:
/* */
#include <pthread.h>

int main(int argc, char** argv)
{
  (void)argv;
#ifndef pthread_create
  return ((int*)(&pthread_create))[argc];
#else
  (void)argc;
  return 0;
#endif
}

Determining if the function pthread_create exists in the pthreads failed with the following output:
Change Dir: /home/nnadozie/git/arq-teleop-robot/catkin_wsu/build/ur_positioner/CMakeFiles/CMakeTmp

Run Build Command:/usr/bin/make "cmTryCompileExec1395576845/fast"
/usr/bin/make -f CMakeFiles/cmTryCompileExec1395576845.dir/build.make CMakeFiles/cmTryCompileExec1395576845.dir/build
make[1]: Entering directory `/home/nnadozie/git/arq-teleop-robot/catkin_wsu/build/ur_positioner/CMakeFiles/CMakeTmp'
/usr/bin/cmake -E cmake_progress_report /home/nnadozie/git/arq-teleop-robot/catkin_wsu/build/ur_positioner/CMakeFiles/CMakeTmp/CMakeFiles 1
Building C object CMakeFiles/cmTryCompileExec1395576845.dir/CheckFunctionExists.c.o
/usr/bin/cc   -DCHECK_FUNCTION_EXISTS=pthread_create   -o CMakeFiles/cmTryCompileExec1395576845.dir/CheckFunctionExists.c.o   -c /usr/share/cmake-2.8/Modules/CheckFunctionExists.c
Linking C executable cmTryCompileExec1395576845
/usr/bin/cmake -E cmake_link_script CMakeFiles/cmTryCompileExec1395576845.dir/link.txt --verbose=1
/usr/bin/cc   -DCHECK_FUNCTION_EXISTS=pthread_create    CMakeFiles/cmTryCompileExec1395576845.dir/CheckFunctionExists.c.o  -o cmTryCompileExec1395576845 -rdynamic -lpthreads 
/usr/bin/ld: cannot find -lpthreads
collect2: error: ld returned 1 exit status
make[1]: Leaving directory `/home/nnadozie/git/arq-teleop-robot/catkin_wsu/build/ur_positioner/CMakeFiles/CMakeTmp'
make[1]: *** [cmTryCompileExec1395576845] Error 1
make: *** [cmTryCompileExec1395576845/fast] Error 2


