Determining if the pthread_create exist failed with the following output:
Change Dir: /home/nnadozie/git/arq-teleop-robot/catkin_wsu/build/ur_position_publisher/CMakeFiles/CMakeTmp

Run Build Command:/usr/bin/make "cmTryCompileExec880331326/fast"
/usr/bin/make -f CMakeFiles/cmTryCompileExec880331326.dir/build.make CMakeFiles/cmTryCompileExec880331326.dir/build
make[1]: Entering directory `/home/nnadozie/git/arq-teleop-robot/catkin_wsu/build/ur_position_publisher/CMakeFiles/CMakeTmp'
/usr/bin/cmake -E cmake_progress_report /home/nnadozie/git/arq-teleop-robot/catkin_wsu/build/ur_position_publisher/CMakeFiles/CMakeTmp/CMakeFiles 1
Building C object CMakeFiles/cmTryCompileExec880331326.dir/CheckSymbolExists.c.o
/usr/bin/cc    -o CMakeFiles/cmTryCompileExec880331326.dir/CheckSymbolExists.c.o   -c /home/nnadozie/git/arq-teleop-robot/catkin_wsu/build/ur_position_publisher/CMakeFiles/CMakeTmp/CheckSymbolExists.c
Linking C executable cmTryCompileExec880331326
/usr/bin/cmake -E cmake_link_script CMakeFiles/cmTryCompileExec880331326.dir/link.txt --verbose=1
/usr/bin/cc       CMakeFiles/cmTryCompileExec880331326.dir/CheckSymbolExists.c.o  -o cmTryCompileExec880331326 -rdynamic 
CMakeFiles/cmTryCompileExec880331326.dir/CheckSymbolExists.c.o: In function `main':
CheckSymbolExists.c:(.text+0x16): undefined reference to `pthread_create'
collect2: error: ld returned 1 exit status
make[1]: Leaving directory `/home/nnadozie/git/arq-teleop-robot/catkin_wsu/build/ur_position_publisher/CMakeFiles/CMakeTmp'
make[1]: *** [cmTryCompileExec880331326] Error 1
make: *** [cmTryCompileExec880331326/fast] Error 2

File /home/nnadozie/git/arq-teleop-robot/catkin_wsu/build/ur_position_publisher/CMakeFiles/CMakeTmp/CheckSymbolExists.c:
/* */
#include <pthread.h>

int main(int argc, char** argv)
{
  (void)argv;
#ifndef pthread_create
  return ((int*)(&pthread_create))[argc];
#else
  (void)argc;
  return 0;
#endif
}

Determining if the function pthread_create exists in the pthreads failed with the following output:
Change Dir: /home/nnadozie/git/arq-teleop-robot/catkin_wsu/build/ur_position_publisher/CMakeFiles/CMakeTmp

Run Build Command:/usr/bin/make "cmTryCompileExec3243099847/fast"
/usr/bin/make -f CMakeFiles/cmTryCompileExec3243099847.dir/build.make CMakeFiles/cmTryCompileExec3243099847.dir/build
make[1]: Entering directory `/home/nnadozie/git/arq-teleop-robot/catkin_wsu/build/ur_position_publisher/CMakeFiles/CMakeTmp'
/usr/bin/cmake -E cmake_progress_report /home/nnadozie/git/arq-teleop-robot/catkin_wsu/build/ur_position_publisher/CMakeFiles/CMakeTmp/CMakeFiles 1
Building C object CMakeFiles/cmTryCompileExec3243099847.dir/CheckFunctionExists.c.o
/usr/bin/cc   -DCHECK_FUNCTION_EXISTS=pthread_create   -o CMakeFiles/cmTryCompileExec3243099847.dir/CheckFunctionExists.c.o   -c /usr/share/cmake-2.8/Modules/CheckFunctionExists.c
Linking C executable cmTryCompileExec3243099847
/usr/bin/cmake -E cmake_link_script CMakeFiles/cmTryCompileExec3243099847.dir/link.txt --verbose=1
/usr/bin/cc   -DCHECK_FUNCTION_EXISTS=pthread_create    CMakeFiles/cmTryCompileExec3243099847.dir/CheckFunctionExists.c.o  -o cmTryCompileExec3243099847 -rdynamic -lpthreads 
/usr/bin/ld: cannot find -lpthreads
collect2: error: ld returned 1 exit status
make[1]: Leaving directory `/home/nnadozie/git/arq-teleop-robot/catkin_wsu/build/ur_position_publisher/CMakeFiles/CMakeTmp'
make[1]: *** [cmTryCompileExec3243099847] Error 1
make: *** [cmTryCompileExec3243099847/fast] Error 2


